\BOOKMARK [1][-]{section.1}{\376\377\000I\000n\000t\000r\000o\000d\000u\000c\000c\000i\000\363\000n}{}% 1
\BOOKMARK [1][-]{section.2}{\376\377\000J\000u\000s\000t\000i\000f\000i\000c\000a\000c\000i\000\363\000n}{}% 2
\BOOKMARK [1][-]{section.3}{\376\377\000P\000l\000a\000n\000t\000e\000a\000m\000i\000e\000n\000t\000o\000\040\000d\000e\000l\000\040\000p\000r\000o\000b\000l\000e\000m\000a}{}% 3
\BOOKMARK [1][-]{section.4}{\376\377\000P\000r\000o\000p\000u\000e\000s\000t\000a\000\040\000d\000e\000\040\000s\000o\000l\000u\000c\000i\000\363\000n}{}% 4
\BOOKMARK [1][-]{section.5}{\376\377\000O\000b\000j\000e\000t\000i\000v\000o\000\040\000g\000e\000n\000e\000r\000a\000l\000\040}{}% 5
\BOOKMARK [2][-]{subsection.5.1}{\376\377\000O\000b\000j\000e\000t\000i\000v\000o\000s\000\040\000e\000s\000p\000e\000c\000\355\000f\000i\000c\000o\000s}{section.5}% 6
\BOOKMARK [1][-]{section.6}{\376\377\000M\000a\000r\000c\000o\000\040\000t\000e\000\363\000r\000i\000c\000o}{}% 7
\BOOKMARK [2][-]{subsection.6.1}{\376\377\000P\000o\000s\000i\000b\000l\000e\000s\000\040\000p\000r\000e\000c\000u\000r\000s\000o\000r\000e\000s\000\040\000s\000i\000s\000m\000i\000c\000o\000s}{section.6}% 8
\BOOKMARK [3][-]{subsubsection.6.1.1}{\376\377\000P\000a\000t\000r\000o\000n\000e\000s\000\040\000d\000e\000\040\000q\000u\000i\000e\000t\000u\000d\000\040\000s\000\355\000s\000m\000i\000c\000a\000\040}{subsection.6.1}% 9
\BOOKMARK [3][-]{subsubsection.6.1.2}{\376\377\000A\000n\000o\000m\000a\000l\000\355\000a\000s\000\040\000d\000e\000l\000\040\000c\000a\000m\000p\000o\000\040\000e\000l\000\351\000c\000t\000r\000i\000c\000o\000\040}{subsection.6.1}% 10
\BOOKMARK [3][-]{subsubsection.6.1.3}{\376\377\000A\000n\000o\000m\000a\000l\000\355\000a\000s\000\040\000d\000e\000l\000\040\000c\000a\000m\000p\000o\000\040\000m\000a\000g\000n\000\351\000t\000i\000c\000o}{subsection.6.1}% 11
\BOOKMARK [3][-]{subsubsection.6.1.4}{\376\377\000S\000e\000\361\000a\000l\000e\000s\000\040\000i\000o\000n\000o\000s\000f\000\351\000r\000i\000c\000a\000s}{subsection.6.1}% 12
\BOOKMARK [2][-]{subsection.6.2}{\376\377\000E\000l\000e\000m\000e\000n\000t\000o\000s\000\040\000c\000l\000a\000v\000e\000\040\000p\000a\000r\000a\000\040\000l\000a\000\040\000p\000r\000e\000d\000i\000c\000c\000i\000\363\000n\000\040\000d\000e\000\040\000s\000i\000s\000m\000o\000s\000\040}{section.6}% 13
\BOOKMARK [1][-]{section.7}{\376\377\000E\000s\000t\000a\000d\000o\000\040\000d\000e\000l\000\040\000A\000r\000t\000e\000\040}{}% 14
\BOOKMARK [2][-]{subsection.7.1}{\376\377\000T\000E\000L\000E\000S\000I\000S\000M\000U\000X\000:\000\040\000S\000u\000b\000s\000i\000s\000t\000e\000m\000a\000\040\000T\000e\000l\000e\000m\000\341\000t\000i\000c\000o\000\040\000p\000a\000r\000a\000\040\000u\000n\000a\000\040\000E\000s\000t\000a\000c\000i\000\363\000n\000\040\000S\000\355\000s\000m\000i\000c\000a\000\040\000R\000e\000m\000o\000t\000a\000\040}{section.7}% 15
\BOOKMARK [2][-]{subsection.7.2}{\376\377\000S\000i\000s\000t\000e\000m\000a\000\040\000I\000o\000T\000\040\000p\000a\000r\000a\000\040\000l\000a\000\040\000m\000e\000d\000i\000c\000i\000\363\000n\000,\000\040\000r\000e\000g\000i\000s\000t\000r\000o\000\040\000y\000\040\000v\000i\000s\000u\000a\000l\000i\000z\000a\000c\000i\000\363\000n\000\040\000w\000e\000b\000\040\000d\000e\000\040\000s\000e\000\361\000a\000l\000e\000s\000\040\000e\000l\000e\000c\000t\000r\000o\000m\000a\000g\000n\000\351\000t\000i\000c\000a\000s\000,\000\040\000g\000e\000o\000-\000e\000l\000\351\000c\000t\000r\000i\000c\000a\000s\000\040\000y\000\040\000a\000c\000\372\000s\000t\000i\000c\000a\000s\000\040\000a\000s\000o\000c\000i\000a\000d\000a\000s\000\040\000a\000\040\000p\000r\000e\000c\000u\000r\000s\000o\000r\000e\000s\000\040\000s\000\355\000s\000m\000i\000c\000o\000s}{section.7}% 16
\BOOKMARK [2][-]{subsection.7.3}{\376\377\000S\000i\000s\000t\000e\000m\000a\000\040\000d\000e\000\040\000m\000o\000n\000i\000t\000o\000r\000e\000o\000\040\000y\000\040\000r\000e\000g\000i\000s\000t\000r\000o\000\040\000d\000e\000\040\000s\000e\000\361\000a\000l\000e\000s\000\040\000a\000s\000o\000c\000i\000a\000d\000a\000s\000\040\000a\000\040\000p\000r\000e\000c\000u\000r\000s\000o\000r\000e\000s\000\040\000s\000\355\000s\000m\000i\000c\000o\000s\000\040\000e\000n\000\040\000l\000a\000\040\000c\000o\000s\000t\000a\000\040\000m\000e\000x\000i\000c\000a\000n\000a\000\040\000d\000e\000l\000\040\000P\000a\000c\000\355\000f\000i\000c\000o\000\040}{section.7}% 17
\BOOKMARK [2][-]{subsection.7.4}{\376\377\000A\000n\000o\000m\000a\000l\000\355\000a\000s\000\040\000e\000n\000\040\000l\000a\000s\000\040\000s\000e\000\361\000a\000l\000e\000s\000\040\000e\000l\000e\000c\000t\000r\000o\000m\000a\000g\000n\000\351\000t\000i\000c\000a\000s\000\040\000d\000e\000\040\000b\000a\000j\000a\000\040\000f\000r\000e\000c\000u\000e\000n\000c\000i\000a\000\040\000e\000n\000\040\000l\000a\000\040\000b\000a\000n\000d\000a\000\040\000V\000L\000F}{section.7}% 18
\BOOKMARK [1][-]{section.8}{\376\377\000E\000s\000c\000e\000n\000a\000r\000i\000o\000\040\000d\000e\000\040\000p\000r\000u\000e\000b\000a\000s}{}% 19
\BOOKMARK [1][-]{section.9}{\376\377\000C\000r\000o\000n\000o\000g\000r\000a\000m\000a}{}% 20
\BOOKMARK [1][-]{section.10}{\376\377\000G\000l\000o\000s\000a\000r\000i\000o\000\040\000d\000e\000\040\000t\000\351\000r\000m\000i\000n\000o\000s}{}% 21
